<?xml version="1.0" encoding="UTF-8"?>
<testng-results ignored="0" total="2" passed="2" failed="0" skipped="0">
  <reporter-output>
  </reporter-output>
  <suite started-at="2020-08-25T15:04:30Z" name="Default suite" finished-at="2020-08-25T15:04:53Z" duration-ms="23090">
    <groups>
    </groups>
    <test started-at="2020-08-25T15:04:30Z" name="Default test" finished-at="2020-08-25T15:04:53Z" duration-ms="23090">
      <class name="TestLayer.AmazonTestCases">
        <test-method is-config="true" signature="setUp()[pri:0, instance:TestLayer.AmazonTestCases@27c86f2d]" started-at="2020-08-25T15:04:30Z" name="setUp" finished-at="2020-08-25T15:04:36Z" duration-ms="6094" status="PASS">
          <reporter-output>
          </reporter-output>
        </test-method> <!-- setUp -->
        <test-method signature="amazonTitleTest()[pri:0, instance:TestLayer.AmazonTestCases@27c86f2d]" started-at="2020-08-25T15:04:36Z" name="amazonTitleTest" finished-at="2020-08-25T15:04:36Z" duration-ms="41" status="PASS">
          <reporter-output>
          </reporter-output>
        </test-method> <!-- amazonTitleTest -->
        <test-method is-config="true" signature="tearDown()[pri:0, instance:TestLayer.AmazonTestCases@27c86f2d]" started-at="2020-08-25T15:04:36Z" name="tearDown" finished-at="2020-08-25T15:04:40Z" duration-ms="4296" status="PASS">
          <reporter-output>
          </reporter-output>
        </test-method> <!-- tearDown -->
        <test-method is-config="true" signature="setUp()[pri:0, instance:TestLayer.AmazonTestCases@27c86f2d]" started-at="2020-08-25T15:04:40Z" name="setUp" finished-at="2020-08-25T15:04:46Z" duration-ms="5435" status="PASS">
          <reporter-output>
          </reporter-output>
        </test-method> <!-- setUp -->
        <test-method signature="signInTest()[pri:0, instance:TestLayer.AmazonTestCases@27c86f2d]" started-at="2020-08-25T15:04:46Z" name="signInTest" finished-at="2020-08-25T15:04:52Z" duration-ms="6786" status="PASS">
          <reporter-output>
          </reporter-output>
        </test-method> <!-- signInTest -->
        <test-method is-config="true" signature="tearDown()[pri:0, instance:TestLayer.AmazonTestCases@27c86f2d]" started-at="2020-08-25T15:04:52Z" name="tearDown" finished-at="2020-08-25T15:04:53Z" duration-ms="383" status="PASS">
          <reporter-output>
          </reporter-output>
        </test-method> <!-- tearDown -->
      </class> <!-- TestLayer.AmazonTestCases -->
    </test> <!-- Default test -->
  </suite> <!-- Default suite -->
</testng-results>
